-------------------------------------------------------------------------------
Test set: TestSuite
-------------------------------------------------------------------------------
Tests run: 8, Failures: 1, Errors: 0, Skipped: 7, Time elapsed: 0.935 s <<< FAILURE! - in TestSuite
setupApplication(testcases.CreateContacts2)  Time elapsed: 0.736 s  <<< FAILURE!
java.lang.IllegalStateException: The driver is not executable: /Users/mukeshotwani/git/MaySelenium2018/learnautomation.hybrid/./Drivers/chromedriver.exe

