<?xml version="1.0" encoding="UTF-8"?>
<!-- Generated by org.testng.reporters.JUnitXMLReporter -->
<testsuite hostname="Mukeshs-MacBook-Air.local" name="Test" tests="3" failures="0" timestamp="5 Aug 2018 04:35:06 GMT" time="0.162" errors="0">
  <testcase name="@BeforeClass setupApplication" time="0.0" classname="testcases.CreateContacts2">
    <failure type="java.lang.IllegalStateException" message="The driver is not executable: /Users/mukeshotwani/git/MaySelenium2018/learnautomation.hybrid/./Drivers/chromedriver.exe">
      <![CDATA[java.lang.IllegalStateException: The driver is not executable: /Users/mukeshotwani/git/MaySelenium2018/learnautomation.hybrid/./Drivers/chromedriver.exe
	at com.google.common.base.Preconditions.checkState(Preconditions.java:585)
	at org.openqa.selenium.remote.service.DriverService.checkExecutable(DriverService.java:140)
	at org.openqa.selenium.remote.service.DriverService.findExecutable(DriverService.java:131)
	at org.openqa.selenium.chrome.ChromeDriverService.access$000(ChromeDriverService.java:33)
	at org.openqa.selenium.chrome.ChromeDriverService$Builder.findDefaultExecutable(ChromeDriverService.java:139)
	at org.openqa.selenium.remote.service.DriverService$Builder.build(DriverService.java:335)
	at org.openqa.selenium.chrome.ChromeDriverService.createDefaultService(ChromeDriverService.java:89)
	at org.openqa.selenium.chrome.ChromeDriver.<init>(ChromeDriver.java:123)
	at factory.BrowserFactory.startApplication(BrowserFactory.java:21)
	at pageObjects.BaseClass.setupApplication(BaseClass.java:61)
... Removed 28 stack frames]]>
    </failure>
  </testcase> <!-- @BeforeClass setupApplication -->
  <testcase name="@AfterMethod endTest" time="0.0" classname="testcases.CreateContacts2">
    <skipped/>
  </testcase> <!-- @AfterMethod endTest -->
  <testcase name="@AfterMethod endTest" time="0.0" classname="testcases.CreateContacts2">
    <skipped/>
  </testcase> <!-- @AfterMethod endTest -->
  <testcase name="@AfterClass tearDownApplication" time="0.0" classname="testcases.CreateContacts2">
    <skipped/>
  </testcase> <!-- @AfterClass tearDownApplication -->
  <testcase name="validLogin" time="0.002" classname="testcases.CreateContacts2">
    <skipped/>
  </testcase> <!-- validLogin -->
  <testcase name="createContact" time="0.0" classname="testcases.CreateContacts2">
    <skipped/>
  </testcase> <!-- createContact -->
  <testcase name="logOut" time="0.0" classname="testcases.CreateContacts2">
    <skipped/>
  </testcase> <!-- logOut -->
</testsuite> <!-- Test -->
